-------------------------------------------------------------------------------
Test set: es.sms.bolsa.oracleforms.proceso.ProcesoServiceImplTest
-------------------------------------------------------------------------------
Tests run: 8, Failures: 0, Errors: 5, Skipped: 3, Time elapsed: 1.568 s <<< FAILURE! - in es.sms.bolsa.oracleforms.proceso.ProcesoServiceImplTest
seRecuperanFicheroProcesoDeBDOk(es.sms.bolsa.oracleforms.proceso.ProcesoServiceImplTest)  Time elapsed: 0 s  <<< ERROR!
java.lang.IllegalStateException: Failed to load ApplicationContext
Caused by: java.lang.IllegalStateException: Failed to introspect Class [es.sms.bolsa.view.MenuManagedBean] from ClassLoader [sun.misc.Launcher$AppClassLoader@a57993]
Caused by: java.lang.NoClassDefFoundError: LMenuModel;
Caused by: java.lang.ClassNotFoundException: MenuModel

seRecuperanTiposProcesoOk(es.sms.bolsa.oracleforms.proceso.ProcesoServiceImplTest)  Time elapsed: 0 s  <<< ERROR!
java.lang.IllegalStateException: Failed to load ApplicationContext
Caused by: java.lang.IllegalStateException: Failed to introspect Class [es.sms.bolsa.view.MenuManagedBean] from ClassLoader [sun.misc.Launcher$AppClassLoader@a57993]
Caused by: java.lang.NoClassDefFoundError: LMenuModel;
Caused by: java.lang.ClassNotFoundException: MenuModel

seLanzaExceptionSiFicheroFileSystemNoExiste(es.sms.bolsa.oracleforms.proceso.ProcesoServiceImplTest)  Time elapsed: 0 s  <<< ERROR!
java.lang.IllegalStateException: Failed to load ApplicationContext
Caused by: java.lang.IllegalStateException: Failed to introspect Class [es.sms.bolsa.view.MenuManagedBean] from ClassLoader [sun.misc.Launcher$AppClassLoader@a57993]
Caused by: java.lang.NoClassDefFoundError: LMenuModel;
Caused by: java.lang.ClassNotFoundException: MenuModel

seRecuperanProcesosOk(es.sms.bolsa.oracleforms.proceso.ProcesoServiceImplTest)  Time elapsed: 0 s  <<< ERROR!
java.lang.IllegalStateException: Failed to load ApplicationContext
Caused by: java.lang.IllegalStateException: Failed to introspect Class [es.sms.bolsa.view.MenuManagedBean] from ClassLoader [sun.misc.Launcher$AppClassLoader@a57993]
Caused by: java.lang.NoClassDefFoundError: LMenuModel;
Caused by: java.lang.ClassNotFoundException: MenuModel

seRecuperanProcesosByTipo(es.sms.bolsa.oracleforms.proceso.ProcesoServiceImplTest)  Time elapsed: 0 s  <<< ERROR!
java.lang.IllegalStateException: Failed to load ApplicationContext
Caused by: java.lang.IllegalStateException: Failed to introspect Class [es.sms.bolsa.view.MenuManagedBean] from ClassLoader [sun.misc.Launcher$AppClassLoader@a57993]
Caused by: java.lang.NoClassDefFoundError: LMenuModel;
Caused by: java.lang.ClassNotFoundException: MenuModel

