-------------------------------------------------------------------------------
Test set: es.sms.bolsa.oracleforms.conexion.AccesoSessionDaoTest
-------------------------------------------------------------------------------
Tests run: 3, Failures: 0, Errors: 3, Skipped: 0, Time elapsed: 67.778 s <<< FAILURE! - in es.sms.bolsa.oracleforms.conexion.AccesoSessionDaoTest
seAbreSesionOk(es.sms.bolsa.oracleforms.conexion.AccesoSessionDaoTest)  Time elapsed: 22.266 s  <<< ERROR!
org.springframework.transaction.CannotCreateTransactionException: Could not open JDBC Connection for transaction; nested exception is java.sql.SQLRecoverableException: Error de E/S: The Network Adapter could not establish the connection
Caused by: java.sql.SQLRecoverableException: Error de E/S: The Network Adapter could not establish the connection
Caused by: oracle.net.ns.NetException: The Network Adapter could not establish the connection
Caused by: java.net.ConnectException: Connection timed out: connect

seCreaSesionFormsOk(es.sms.bolsa.oracleforms.conexion.AccesoSessionDaoTest)  Time elapsed: 22.084 s  <<< ERROR!
org.springframework.transaction.CannotCreateTransactionException: Could not open JDBC Connection for transaction; nested exception is java.sql.SQLRecoverableException: Error de E/S: The Network Adapter could not establish the connection
Caused by: java.sql.SQLRecoverableException: Error de E/S: The Network Adapter could not establish the connection
Caused by: oracle.net.ns.NetException: The Network Adapter could not establish the connection
Caused by: java.net.ConnectException: Connection timed out: connect

seCierraSesionExistenteOk(es.sms.bolsa.oracleforms.conexion.AccesoSessionDaoTest)  Time elapsed: 22.054 s  <<< ERROR!
org.springframework.transaction.CannotCreateTransactionException: Could not open JDBC Connection for transaction; nested exception is java.sql.SQLRecoverableException: Error de E/S: The Network Adapter could not establish the connection
Caused by: java.sql.SQLRecoverableException: Error de E/S: The Network Adapter could not establish the connection
Caused by: oracle.net.ns.NetException: The Network Adapter could not establish the connection
Caused by: java.net.ConnectException: Connection timed out: connect

